[2026-03-23T22:44:09.676Z] [INFO] Scheduled task: Full anatomy rescan (0 */6 * * *)
[2026-03-23T22:44:09.679Z] [INFO] Scheduled task: Consolidate old memory (0 2 * * *)
[2026-03-23T22:44:09.679Z] [INFO] Scheduled task: Token audit report (0 0 * * 1)
[2026-03-23T22:44:09.680Z] [INFO] Scheduled task: Cerebrum reflection (0 3 * * 0)
[2026-03-23T22:44:09.680Z] [INFO] Scheduled task: AI suggestions (0 4 * * 1)
[2026-03-23T22:44:09.680Z] [INFO] File watcher started on .wolf/
[2026-03-23T22:44:09.681Z] [INFO] OpenWolf daemon started
[2026-03-23T22:44:09.681Z] [INFO] Dashboard server listening on port 18791
[2026-03-23T22:44:10.059Z] [INFO] WebSocket client connected
[2026-03-23T22:44:38.021Z] [INFO] Scheduled task: Full anatomy rescan (0 */6 * * *)
[2026-03-23T22:44:38.024Z] [INFO] Scheduled task: Consolidate old memory (0 2 * * *)
[2026-03-23T22:44:38.024Z] [INFO] Scheduled task: Token audit report (0 0 * * 1)
[2026-03-23T22:44:38.024Z] [INFO] Scheduled task: Cerebrum reflection (0 3 * * 0)
[2026-03-23T22:44:38.024Z] [INFO] Scheduled task: AI suggestions (0 4 * * 1)
[2026-03-23T22:44:38.025Z] [INFO] File watcher started on .wolf/
[2026-03-23T22:44:38.025Z] [INFO] OpenWolf daemon started
[2026-03-23T22:44:38.026Z] [INFO] Dashboard server listening on port 18791
[2026-03-23T22:44:38.220Z] [INFO] Scheduled task: Full anatomy rescan (0 */6 * * *)
[2026-03-23T22:44:38.221Z] [INFO] Scheduled task: Consolidate old memory (0 2 * * *)
[2026-03-23T22:44:38.221Z] [INFO] Scheduled task: Token audit report (0 0 * * 1)
[2026-03-23T22:44:38.222Z] [INFO] Scheduled task: Cerebrum reflection (0 3 * * 0)
[2026-03-23T22:44:38.222Z] [INFO] Scheduled task: AI suggestions (0 4 * * 1)
[2026-03-23T22:44:38.222Z] [INFO] File watcher started on .wolf/
[2026-03-23T22:44:38.223Z] [INFO] OpenWolf daemon started
[2026-03-23T22:44:38.223Z] [INFO] Dashboard server listening on port 18791
[2026-03-23T22:44:38.413Z] [INFO] Scheduled task: Full anatomy rescan (0 */6 * * *)
[2026-03-23T22:44:38.414Z] [INFO] Scheduled task: Consolidate old memory (0 2 * * *)
[2026-03-23T22:44:38.415Z] [INFO] Scheduled task: Token audit report (0 0 * * 1)
[2026-03-23T22:44:38.415Z] [INFO] Scheduled task: Cerebrum reflection (0 3 * * 0)
[2026-03-23T22:44:38.415Z] [INFO] Scheduled task: AI suggestions (0 4 * * 1)
[2026-03-23T22:44:38.416Z] [INFO] File watcher started on .wolf/
[2026-03-23T22:44:38.416Z] [INFO] OpenWolf daemon started
[2026-03-23T22:44:38.417Z] [INFO] Dashboard server listening on port 18791
[2026-03-23T22:44:38.608Z] [INFO] Scheduled task: Full anatomy rescan (0 */6 * * *)
[2026-03-23T22:44:38.610Z] [INFO] Scheduled task: Consolidate old memory (0 2 * * *)
[2026-03-23T22:44:38.610Z] [INFO] Scheduled task: Token audit report (0 0 * * 1)
[2026-03-23T22:44:38.610Z] [INFO] Scheduled task: Cerebrum reflection (0 3 * * 0)
[2026-03-23T22:44:38.610Z] [INFO] Scheduled task: AI suggestions (0 4 * * 1)
[2026-03-23T22:44:38.611Z] [INFO] File watcher started on .wolf/
[2026-03-23T22:44:38.612Z] [INFO] OpenWolf daemon started
[2026-03-23T22:44:38.612Z] [INFO] Dashboard server listening on port 18791
[2026-03-23T22:44:38.798Z] [INFO] Scheduled task: Full anatomy rescan (0 */6 * * *)
[2026-03-23T22:44:38.799Z] [INFO] Scheduled task: Consolidate old memory (0 2 * * *)
[2026-03-23T22:44:38.800Z] [INFO] Scheduled task: Token audit report (0 0 * * 1)
[2026-03-23T22:44:38.800Z] [INFO] Scheduled task: Cerebrum reflection (0 3 * * 0)
[2026-03-23T22:44:38.800Z] [INFO] Scheduled task: AI suggestions (0 4 * * 1)
[2026-03-23T22:44:38.801Z] [INFO] File watcher started on .wolf/
[2026-03-23T22:44:38.801Z] [INFO] OpenWolf daemon started
[2026-03-23T22:44:38.801Z] [INFO] Dashboard server listening on port 18791
[2026-03-23T22:44:38.990Z] [INFO] Scheduled task: Full anatomy rescan (0 */6 * * *)
[2026-03-23T22:44:38.992Z] [INFO] Scheduled task: Consolidate old memory (0 2 * * *)
[2026-03-23T22:44:38.992Z] [INFO] Scheduled task: Token audit report (0 0 * * 1)
[2026-03-23T22:44:38.992Z] [INFO] Scheduled task: Cerebrum reflection (0 3 * * 0)
[2026-03-23T22:44:38.992Z] [INFO] Scheduled task: AI suggestions (0 4 * * 1)
[2026-03-23T22:44:38.993Z] [INFO] File watcher started on .wolf/
[2026-03-23T22:44:38.993Z] [INFO] OpenWolf daemon started
[2026-03-23T22:44:38.994Z] [INFO] Dashboard server listening on port 18791
[2026-03-23T22:44:39.179Z] [INFO] Scheduled task: Full anatomy rescan (0 */6 * * *)
[2026-03-23T22:44:39.181Z] [INFO] Scheduled task: Consolidate old memory (0 2 * * *)
[2026-03-23T22:44:39.181Z] [INFO] Scheduled task: Token audit report (0 0 * * 1)
[2026-03-23T22:44:39.181Z] [INFO] Scheduled task: Cerebrum reflection (0 3 * * 0)
[2026-03-23T22:44:39.181Z] [INFO] Scheduled task: AI suggestions (0 4 * * 1)
[2026-03-23T22:44:39.182Z] [INFO] File watcher started on .wolf/
[2026-03-23T22:44:39.182Z] [INFO] OpenWolf daemon started
[2026-03-23T22:44:39.183Z] [INFO] Dashboard server listening on port 18791
[2026-03-23T22:44:39.366Z] [INFO] Scheduled task: Full anatomy rescan (0 */6 * * *)
[2026-03-23T22:44:39.367Z] [INFO] Scheduled task: Consolidate old memory (0 2 * * *)
[2026-03-23T22:44:39.368Z] [INFO] Scheduled task: Token audit report (0 0 * * 1)
[2026-03-23T22:44:39.368Z] [INFO] Scheduled task: Cerebrum reflection (0 3 * * 0)
[2026-03-23T22:44:39.368Z] [INFO] Scheduled task: AI suggestions (0 4 * * 1)
[2026-03-23T22:44:39.369Z] [INFO] File watcher started on .wolf/
[2026-03-23T22:44:39.369Z] [INFO] OpenWolf daemon started
[2026-03-23T22:44:39.369Z] [INFO] Dashboard server listening on port 18791
[2026-03-23T22:44:39.555Z] [INFO] Scheduled task: Full anatomy rescan (0 */6 * * *)
[2026-03-23T22:44:39.556Z] [INFO] Scheduled task: Consolidate old memory (0 2 * * *)
[2026-03-23T22:44:39.556Z] [INFO] Scheduled task: Token audit report (0 0 * * 1)
[2026-03-23T22:44:39.556Z] [INFO] Scheduled task: Cerebrum reflection (0 3 * * 0)
[2026-03-23T22:44:39.556Z] [INFO] Scheduled task: AI suggestions (0 4 * * 1)
[2026-03-23T22:44:39.557Z] [INFO] File watcher started on .wolf/
[2026-03-23T22:44:39.558Z] [INFO] OpenWolf daemon started
[2026-03-23T22:44:39.558Z] [INFO] Dashboard server listening on port 18791
[2026-03-23T22:44:39.751Z] [INFO] Scheduled task: Full anatomy rescan (0 */6 * * *)
[2026-03-23T22:44:39.753Z] [INFO] Scheduled task: Consolidate old memory (0 2 * * *)
[2026-03-23T22:44:39.753Z] [INFO] Scheduled task: Token audit report (0 0 * * 1)
[2026-03-23T22:44:39.753Z] [INFO] Scheduled task: Cerebrum reflection (0 3 * * 0)
[2026-03-23T22:44:39.753Z] [INFO] Scheduled task: AI suggestions (0 4 * * 1)
[2026-03-23T22:44:39.754Z] [INFO] File watcher started on .wolf/
[2026-03-23T22:44:39.754Z] [INFO] OpenWolf daemon started
[2026-03-23T22:44:39.755Z] [INFO] Dashboard server listening on port 18791
[2026-03-23T22:44:39.935Z] [INFO] Scheduled task: Full anatomy rescan (0 */6 * * *)
[2026-03-23T22:44:39.936Z] [INFO] Scheduled task: Consolidate old memory (0 2 * * *)
[2026-03-23T22:44:39.936Z] [INFO] Scheduled task: Token audit report (0 0 * * 1)
[2026-03-23T22:44:39.936Z] [INFO] Scheduled task: Cerebrum reflection (0 3 * * 0)
[2026-03-23T22:44:39.936Z] [INFO] Scheduled task: AI suggestions (0 4 * * 1)
[2026-03-23T22:44:39.937Z] [INFO] File watcher started on .wolf/
[2026-03-23T22:44:39.937Z] [INFO] OpenWolf daemon started
[2026-03-23T22:44:39.938Z] [INFO] Dashboard server listening on port 18791
[2026-03-23T22:44:40.124Z] [INFO] Scheduled task: Full anatomy rescan (0 */6 * * *)
[2026-03-23T22:44:40.125Z] [INFO] Scheduled task: Consolidate old memory (0 2 * * *)
[2026-03-23T22:44:40.126Z] [INFO] Scheduled task: Token audit report (0 0 * * 1)
[2026-03-23T22:44:40.126Z] [INFO] Scheduled task: Cerebrum reflection (0 3 * * 0)
[2026-03-23T22:44:40.126Z] [INFO] Scheduled task: AI suggestions (0 4 * * 1)
[2026-03-23T22:44:40.127Z] [INFO] File watcher started on .wolf/
[2026-03-23T22:44:40.127Z] [INFO] OpenWolf daemon started
[2026-03-23T22:44:40.128Z] [INFO] Dashboard server listening on port 18791
[2026-03-23T22:44:40.314Z] [INFO] Scheduled task: Full anatomy rescan (0 */6 * * *)
[2026-03-23T22:44:40.315Z] [INFO] Scheduled task: Consolidate old memory (0 2 * * *)
[2026-03-23T22:44:40.316Z] [INFO] Scheduled task: Token audit report (0 0 * * 1)
[2026-03-23T22:44:40.316Z] [INFO] Scheduled task: Cerebrum reflection (0 3 * * 0)
[2026-03-23T22:44:40.316Z] [INFO] Scheduled task: AI suggestions (0 4 * * 1)
[2026-03-23T22:44:40.317Z] [INFO] File watcher started on .wolf/
[2026-03-23T22:44:40.317Z] [INFO] OpenWolf daemon started
[2026-03-23T22:44:40.317Z] [INFO] Dashboard server listening on port 18791
[2026-03-23T22:44:40.502Z] [INFO] Scheduled task: Full anatomy rescan (0 */6 * * *)
[2026-03-23T22:44:40.503Z] [INFO] Scheduled task: Consolidate old memory (0 2 * * *)
[2026-03-23T22:44:40.503Z] [INFO] Scheduled task: Token audit report (0 0 * * 1)
[2026-03-23T22:44:40.503Z] [INFO] Scheduled task: Cerebrum reflection (0 3 * * 0)
[2026-03-23T22:44:40.504Z] [INFO] Scheduled task: AI suggestions (0 4 * * 1)
[2026-03-23T22:44:40.504Z] [INFO] File watcher started on .wolf/
[2026-03-23T22:44:40.505Z] [INFO] OpenWolf daemon started
[2026-03-23T22:44:40.505Z] [INFO] Dashboard server listening on port 18791
[2026-03-23T22:44:40.684Z] [INFO] Scheduled task: Full anatomy rescan (0 */6 * * *)
[2026-03-23T22:44:40.685Z] [INFO] Scheduled task: Consolidate old memory (0 2 * * *)
[2026-03-23T22:44:40.686Z] [INFO] Scheduled task: Token audit report (0 0 * * 1)
[2026-03-23T22:44:40.686Z] [INFO] Scheduled task: Cerebrum reflection (0 3 * * 0)
[2026-03-23T22:44:40.686Z] [INFO] Scheduled task: AI suggestions (0 4 * * 1)
[2026-03-23T22:44:40.687Z] [INFO] File watcher started on .wolf/
[2026-03-23T22:44:40.687Z] [INFO] OpenWolf daemon started
[2026-03-23T22:44:40.687Z] [INFO] Dashboard server listening on port 18791
[2026-03-23T22:44:40.881Z] [INFO] Scheduled task: Full anatomy rescan (0 */6 * * *)
[2026-03-23T22:44:40.882Z] [INFO] Scheduled task: Consolidate old memory (0 2 * * *)
[2026-03-23T22:44:40.882Z] [INFO] Scheduled task: Token audit report (0 0 * * 1)
[2026-03-23T22:44:40.883Z] [INFO] Scheduled task: Cerebrum reflection (0 3 * * 0)
[2026-03-23T22:44:40.883Z] [INFO] Scheduled task: AI suggestions (0 4 * * 1)
[2026-03-23T22:44:40.883Z] [INFO] File watcher started on .wolf/
[2026-03-23T22:44:40.884Z] [INFO] OpenWolf daemon started
[2026-03-23T22:44:40.884Z] [INFO] Dashboard server listening on port 18791
[2026-03-23T22:44:47.159Z] [INFO] WebSocket client connected
[2026-03-23T22:47:16.027Z] [INFO] WebSocket client connected
[2026-03-23T22:56:33.692Z] [INFO] WebSocket client connected
[2026-03-23T23:00:00.816Z] [INFO] Executing task: Full anatomy rescan
[2026-03-23T23:00:00.846Z] [INFO] Task Full anatomy rescan completed in 30ms
[2026-03-23T23:10:12.143Z] [INFO] WebSocket client connected
[2026-03-23T23:17:36.938Z] [INFO] WebSocket client connected
[2026-03-23T23:54:16.714Z] [INFO] WebSocket client connected
[2026-03-24T00:02:21.262Z] [INFO] Executing task: Consolidate old memory
[2026-03-24T00:02:21.263Z] [INFO] Task Consolidate old memory completed in 1ms
[2026-03-24T00:02:23.930Z] [INFO] Executing task: Token audit report
[2026-03-24T00:02:23.931Z] [INFO] Task Token audit report completed in 1ms
[2026-03-24T00:02:38.850Z] [INFO] WebSocket client connected
[2026-03-24T00:03:21.951Z] [INFO] WebSocket client connected
[2026-03-24T13:47:46.458Z] [INFO] WebSocket client connected
[2026-03-24T14:06:01.883Z] [INFO] WebSocket client connected
[2026-03-24T14:32:08.505Z] [INFO] WebSocket client connected
[2026-03-24T14:45:38.771Z] [INFO] WebSocket client connected
[2026-03-24T14:47:00.434Z] [INFO] WebSocket client connected
